c:\users\avoid\source\repos\nyp_framework_week01\release\library.pdb
c:\users\avoid\source\repos\nyp_framework_week01\library\release\imageloader.obj
c:\users\avoid\source\repos\nyp_framework_week01\library\release\shadermanager.obj
c:\users\avoid\source\repos\nyp_framework_week01\library\release\spriteanimation.obj
c:\users\avoid\source\repos\nyp_framework_week01\library\release\meshbuilder.obj
c:\users\avoid\source\repos\nyp_framework_week01\library\release\mesh.obj
c:\users\avoid\source\repos\nyp_framework_week01\library\release\levelofdetails.obj
c:\users\avoid\source\repos\nyp_framework_week01\library\release\entity3d.obj
c:\users\avoid\source\repos\nyp_framework_week01\library\release\entity2d.obj
c:\users\avoid\source\repos\nyp_framework_week01\library\release\collisionmanager.obj
c:\users\avoid\source\repos\nyp_framework_week01\library\release\collider.obj
c:\users\avoid\source\repos\nyp_framework_week01\library\release\mousecontroller.obj
c:\users\avoid\source\repos\nyp_framework_week01\library\release\keyboardcontroller.obj
c:\users\avoid\source\repos\nyp_framework_week01\library\release\imgui_widgets.obj
c:\users\avoid\source\repos\nyp_framework_week01\library\release\imgui_tables.obj
c:\users\avoid\source\repos\nyp_framework_week01\library\release\imgui_draw.obj
c:\users\avoid\source\repos\nyp_framework_week01\library\release\imgui_demo.obj
c:\users\avoid\source\repos\nyp_framework_week01\library\release\imgui.obj
c:\users\avoid\source\repos\nyp_framework_week01\library\release\imgui_impl_opengl3.obj
c:\users\avoid\source\repos\nyp_framework_week01\library\release\imgui_impl_glfw.obj
c:\users\avoid\source\repos\nyp_framework_week01\library\release\settings.obj
c:\users\avoid\source\repos\nyp_framework_week01\library\release\stopwatch.obj
c:\users\avoid\source\repos\nyp_framework_week01\library\release\fpscounter.obj
c:\users\avoid\source\repos\nyp_framework_week01\library\release\loadobj.obj
c:\users\avoid\source\repos\nyp_framework_week01\release\library.lib
c:\users\avoid\source\repos\nyp_framework_week01\nyp_framework_week01\library\release\collider.obj
c:\users\avoid\source\repos\nyp_framework_week01\nyp_framework_week01\library\release\collisionmanager.obj
c:\users\avoid\source\repos\nyp_framework_week01\nyp_framework_week01\library\release\entity2d.obj
c:\users\avoid\source\repos\nyp_framework_week01\nyp_framework_week01\library\release\entity3d.obj
c:\users\avoid\source\repos\nyp_framework_week01\nyp_framework_week01\library\release\fpscounter.obj
c:\users\avoid\source\repos\nyp_framework_week01\nyp_framework_week01\library\release\imageloader.obj
c:\users\avoid\source\repos\nyp_framework_week01\nyp_framework_week01\library\release\imgui.obj
c:\users\avoid\source\repos\nyp_framework_week01\nyp_framework_week01\library\release\imgui_demo.obj
c:\users\avoid\source\repos\nyp_framework_week01\nyp_framework_week01\library\release\imgui_draw.obj
c:\users\avoid\source\repos\nyp_framework_week01\nyp_framework_week01\library\release\imgui_impl_glfw.obj
c:\users\avoid\source\repos\nyp_framework_week01\nyp_framework_week01\library\release\imgui_impl_opengl3.obj
c:\users\avoid\source\repos\nyp_framework_week01\nyp_framework_week01\library\release\imgui_tables.obj
c:\users\avoid\source\repos\nyp_framework_week01\nyp_framework_week01\library\release\imgui_widgets.obj
c:\users\avoid\source\repos\nyp_framework_week01\nyp_framework_week01\library\release\keyboardcontroller.obj
c:\users\avoid\source\repos\nyp_framework_week01\nyp_framework_week01\library\release\levelofdetails.obj
c:\users\avoid\source\repos\nyp_framework_week01\nyp_framework_week01\library\release\loadobj.obj
c:\users\avoid\source\repos\nyp_framework_week01\nyp_framework_week01\library\release\mesh.obj
c:\users\avoid\source\repos\nyp_framework_week01\nyp_framework_week01\library\release\meshbuilder.obj
c:\users\avoid\source\repos\nyp_framework_week01\nyp_framework_week01\library\release\mousecontroller.obj
c:\users\avoid\source\repos\nyp_framework_week01\nyp_framework_week01\library\release\settings.obj
c:\users\avoid\source\repos\nyp_framework_week01\nyp_framework_week01\library\release\shadermanager.obj
c:\users\avoid\source\repos\nyp_framework_week01\nyp_framework_week01\library\release\spriteanimation.obj
c:\users\avoid\source\repos\nyp_framework_week01\nyp_framework_week01\library\release\stopwatch.obj
c:\users\avoid\source\repos\nyp_framework_week01\nyp_framework_week01\release\library.pdb
c:\users\avoid\source\repos\nyp_framework_week01\nyp_framework_week01\release\library.lib
c:\users\avoid\source\repos\nyp_framework_week01\nyp_framework_week01\library\release\library.tlog\cl.command.1.tlog
c:\users\avoid\source\repos\nyp_framework_week01\nyp_framework_week01\library\release\library.tlog\cl.read.1.tlog
c:\users\avoid\source\repos\nyp_framework_week01\nyp_framework_week01\library\release\library.tlog\cl.write.1.tlog
c:\users\avoid\source\repos\nyp_framework_week01\nyp_framework_week01\library\release\library.tlog\lib-link.read.1.tlog
c:\users\avoid\source\repos\nyp_framework_week01\nyp_framework_week01\library\release\library.tlog\lib-link.write.1.tlog
c:\users\avoid\source\repos\nyp_framework_week01\nyp_framework_week01\library\release\library.tlog\lib.command.1.tlog
c:\users\avoid\source\repos\nyp_framework_week01\nyp_framework_week01\library\release\library.tlog\metagen.read.1.tlog
c:\users\avoid\source\repos\nyp_framework_week01\nyp_framework_week01\library\release\library.tlog\metagen.write.1.tlog
