c:\users\avoid\source\repos\nyp_framework_week01\app\release\vc142.pdb
c:\users\avoid\source\repos\nyp_framework_week01\app\release\scene3d.obj
c:\users\avoid\source\repos\nyp_framework_week01\app\release\camera.obj
c:\users\avoid\source\repos\nyp_framework_week01\app\release\scene2d.obj
c:\users\avoid\source\repos\nyp_framework_week01\app\release\player2d.obj
c:\users\avoid\source\repos\nyp_framework_week01\app\release\physics2d.obj
c:\users\avoid\source\repos\nyp_framework_week01\app\release\map2d.obj
c:\users\avoid\source\repos\nyp_framework_week01\app\release\inventorymanager.obj
c:\users\avoid\source\repos\nyp_framework_week01\app\release\inventoryitem.obj
c:\users\avoid\source\repos\nyp_framework_week01\app\release\gui_scene2d.obj
c:\users\avoid\source\repos\nyp_framework_week01\app\release\gamemanager.obj
c:\users\avoid\source\repos\nyp_framework_week01\app\release\enemy2d.obj
c:\users\avoid\source\repos\nyp_framework_week01\app\release\backgroundentity.obj
c:\users\avoid\source\repos\nyp_framework_week01\app\release\main.obj
c:\users\avoid\source\repos\nyp_framework_week01\app\release\playgamestate.obj
c:\users\avoid\source\repos\nyp_framework_week01\app\release\play3dgamestate.obj
c:\users\avoid\source\repos\nyp_framework_week01\app\release\pausestate.obj
c:\users\avoid\source\repos\nyp_framework_week01\app\release\menustate.obj
c:\users\avoid\source\repos\nyp_framework_week01\app\release\introstate.obj
c:\users\avoid\source\repos\nyp_framework_week01\app\release\gamestatemanager.obj
c:\users\avoid\source\repos\nyp_framework_week01\app\release\application.obj
c:\users\avoid\source\repos\nyp_framework_week01\app\release\soundinfo.obj
c:\users\avoid\source\repos\nyp_framework_week01\app\release\soundcontroller.obj
c:\users\avoid\source\repos\nyp_framework_week01\app\release\vertexbufferobject.obj
c:\users\avoid\source\repos\nyp_framework_week01\app\release\texture.obj
c:\users\avoid\source\repos\nyp_framework_week01\app\release\terrain.obj
c:\users\avoid\source\repos\nyp_framework_week01\app\release\skybox.obj
c:\users\avoid\source\repos\nyp_framework_week01\app\release\physics3d.obj
c:\users\avoid\source\repos\nyp_framework_week01\app\release\solidobjectmanager.obj
c:\users\avoid\source\repos\nyp_framework_week01\app\release\solidobject.obj
c:\users\avoid\source\repos\nyp_framework_week01\app\release\player3d.obj
c:\users\avoid\source\repos\nyp_framework_week01\nyp_framework_week01\app\release\application.obj
c:\users\avoid\source\repos\nyp_framework_week01\nyp_framework_week01\app\release\backgroundentity.obj
c:\users\avoid\source\repos\nyp_framework_week01\nyp_framework_week01\app\release\camera.obj
c:\users\avoid\source\repos\nyp_framework_week01\nyp_framework_week01\app\release\enemy2d.obj
c:\users\avoid\source\repos\nyp_framework_week01\nyp_framework_week01\app\release\gamemanager.obj
c:\users\avoid\source\repos\nyp_framework_week01\nyp_framework_week01\app\release\gamestatemanager.obj
c:\users\avoid\source\repos\nyp_framework_week01\nyp_framework_week01\app\release\gui_scene2d.obj
c:\users\avoid\source\repos\nyp_framework_week01\nyp_framework_week01\app\release\introstate.obj
c:\users\avoid\source\repos\nyp_framework_week01\nyp_framework_week01\app\release\inventoryitem.obj
c:\users\avoid\source\repos\nyp_framework_week01\nyp_framework_week01\app\release\inventorymanager.obj
c:\users\avoid\source\repos\nyp_framework_week01\nyp_framework_week01\app\release\main.obj
c:\users\avoid\source\repos\nyp_framework_week01\nyp_framework_week01\app\release\map2d.obj
c:\users\avoid\source\repos\nyp_framework_week01\nyp_framework_week01\app\release\menustate.obj
c:\users\avoid\source\repos\nyp_framework_week01\nyp_framework_week01\app\release\pausestate.obj
c:\users\avoid\source\repos\nyp_framework_week01\nyp_framework_week01\app\release\physics2d.obj
c:\users\avoid\source\repos\nyp_framework_week01\nyp_framework_week01\app\release\physics3d.obj
c:\users\avoid\source\repos\nyp_framework_week01\nyp_framework_week01\app\release\play3dgamestate.obj
c:\users\avoid\source\repos\nyp_framework_week01\nyp_framework_week01\app\release\player2d.obj
c:\users\avoid\source\repos\nyp_framework_week01\nyp_framework_week01\app\release\player3d.obj
c:\users\avoid\source\repos\nyp_framework_week01\nyp_framework_week01\app\release\playgamestate.obj
c:\users\avoid\source\repos\nyp_framework_week01\nyp_framework_week01\app\release\scene2d.obj
c:\users\avoid\source\repos\nyp_framework_week01\nyp_framework_week01\app\release\scene3d.obj
c:\users\avoid\source\repos\nyp_framework_week01\nyp_framework_week01\app\release\skybox.obj
c:\users\avoid\source\repos\nyp_framework_week01\nyp_framework_week01\app\release\solidobject.obj
c:\users\avoid\source\repos\nyp_framework_week01\nyp_framework_week01\app\release\solidobjectmanager.obj
c:\users\avoid\source\repos\nyp_framework_week01\nyp_framework_week01\app\release\soundcontroller.obj
c:\users\avoid\source\repos\nyp_framework_week01\nyp_framework_week01\app\release\soundinfo.obj
c:\users\avoid\source\repos\nyp_framework_week01\nyp_framework_week01\app\release\terrain.obj
c:\users\avoid\source\repos\nyp_framework_week01\nyp_framework_week01\app\release\texture.obj
c:\users\avoid\source\repos\nyp_framework_week01\nyp_framework_week01\app\release\vertexbufferobject.obj
c:\users\avoid\source\repos\nyp_framework_week01\nyp_framework_week01\app\release\vc142.pdb
c:\users\avoid\source\repos\nyp_framework_week01\nyp_framework_week01\app\release\app.tlog\cl.command.1.tlog
c:\users\avoid\source\repos\nyp_framework_week01\nyp_framework_week01\app\release\app.tlog\cl.read.1.tlog
c:\users\avoid\source\repos\nyp_framework_week01\nyp_framework_week01\app\release\app.tlog\cl.write.1.tlog
c:\users\avoid\source\repos\nyp_framework_week01\nyp_framework_week01\app\release\app.tlog\link.command.1.tlog
c:\users\avoid\source\repos\nyp_framework_week01\nyp_framework_week01\app\release\app.tlog\link.read.1.tlog
c:\users\avoid\source\repos\nyp_framework_week01\nyp_framework_week01\app\release\app.tlog\link.write.1.tlog
