
Project Performance Summary:
       35 ms  C:\Users\avoid\source\repos\NYP_Framework_Week01\NYP_Framework_Week01\App\App.vcxproj   1 calls
                 35 ms  Clean                                      1 calls

Target Performance Summary:
        0 ms  PrepareProjectReferences                   1 calls
        0 ms  PGInstrumentedClean                        1 calls
        0 ms  AfterCppClean                              1 calls
        0 ms  BeforeCppClean                             1 calls
        0 ms  AfterClean                                 1 calls
        0 ms  CleanPublishFolder                         1 calls
        0 ms  CleanReferencedProjects                    1 calls
        0 ms  CppClean                                   1 calls
        0 ms  Clean                                      1 calls
        0 ms  _AddOutputPathToGlobalPropertiesToRemove   1 calls
        0 ms  _SplitProjectReferencesByFileExistence     1 calls
        0 ms  AssignProjectConfiguration                 1 calls
        0 ms  BeforeClean                                1 calls
        0 ms  _PrepareForClean                           1 calls
        2 ms  _GetProjectReferenceTargetFrameworkProperties   1 calls
        8 ms  CoreClean                                  1 calls
       12 ms  CoreCppClean                               1 calls
       13 ms  _CheckForInvalidConfigurationAndPlatform   1 calls

Task Performance Summary:
        0 ms  AssignProjectConfiguration                 1 calls
        0 ms  MSBuild                                    1 calls
        1 ms  FindUnderPath                              2 calls
        1 ms  RemoveDuplicates                           1 calls
        1 ms  Message                                    2 calls
        1 ms  ReadLinesFromFile                          1 calls
        2 ms  MakeDir                                    2 calls
        2 ms  WriteLinesToFile                           2 calls
        3 ms  Delete                                     3 calls
        7 ms  CppClean                                   1 calls
